<?xml version="1.0" encoding="UTF-8"?>
<testng-results skipped="0" failed="0" ignored="2" total="4" passed="2">
  <reporter-output>
  </reporter-output>
  <suite name="Suite" duration-ms="189697" started-at="2020-05-31T00:00:27 IST" finished-at="2020-05-31T00:03:36 IST">
    <groups>
    </groups>
    <test name="Test" duration-ms="189697" started-at="2020-05-31T00:00:27 IST" finished-at="2020-05-31T00:03:36 IST">
      <class name="com.cognizant.tests.FetchHolidayHomesWithoutDates">
        <test-method status="PASS" signature="driverSetup()[pri:0, instance:com.cognizant.tests.FetchHolidayHomesWithoutDates@853265]" name="driverSetup" is-config="true" duration-ms="26048" started-at="2020-05-31T00:00:00 IST" finished-at="2020-05-31T00:00:27 IST">
          <reporter-output>
          </reporter-output>
        </test-method> <!-- driverSetup -->
        <test-method status="PASS" signature="startApplication()[pri:0, instance:com.cognizant.tests.FetchHolidayHomesWithoutDates@853265]" name="startApplication" is-config="true" duration-ms="11477" started-at="2020-05-31T00:00:27 IST" finished-at="2020-05-31T00:00:38 IST">
          <reporter-output>
          </reporter-output>
        </test-method> <!-- startApplication -->
        <test-method status="PASS" signature="fetchHolidayHomes()[pri:0, instance:com.cognizant.tests.FetchHolidayHomesWithoutDates@853265]" name="fetchHolidayHomes" duration-ms="107418" started-at="2020-05-31T00:00:38 IST" finished-at="2020-05-31T00:02:26 IST">
          <reporter-output>
          </reporter-output>
        </test-method> <!-- fetchHolidayHomes -->
        <test-method status="PASS" signature="closeDriverSetup()[pri:0, instance:com.cognizant.tests.FetchHolidayHomesWithoutDates@853265]" name="closeDriverSetup" is-config="true" duration-ms="2273" started-at="2020-05-31T00:03:37 IST" finished-at="2020-05-31T00:03:39 IST">
          <reporter-output>
          </reporter-output>
        </test-method> <!-- closeDriverSetup -->
      </class> <!-- com.cognizant.tests.FetchHolidayHomesWithoutDates -->
      <class name="com.cognizant.tests.FetchHolidaysWithDates">
        <test-method status="PASS" signature="startApplication()[pri:0, instance:com.cognizant.tests.FetchHolidaysWithDates@1205a84]" name="startApplication" is-config="true" duration-ms="2239" started-at="2020-05-31T00:02:26 IST" finished-at="2020-05-31T00:02:28 IST">
          <reporter-output>
          </reporter-output>
        </test-method> <!-- startApplication -->
        <test-method status="PASS" signature="fetchHolidayHomes()[pri:0, instance:com.cognizant.tests.FetchHolidaysWithDates@1205a84]" name="fetchHolidayHomes" duration-ms="68351" started-at="2020-05-31T00:02:28 IST" finished-at="2020-05-31T00:03:36 IST">
          <reporter-output>
          </reporter-output>
        </test-method> <!-- fetchHolidayHomes -->
      </class> <!-- com.cognizant.tests.FetchHolidaysWithDates -->
    </test> <!-- Test -->
  </suite> <!-- Suite -->
</testng-results>
