<?xml version="1.0" encoding="UTF-8"?>
<!-- Generated by org.testng.reporters.JUnitXMLReporter -->
<testsuite hostname="New-PC" ignored="2" name="Test" tests="2" failures="0" timestamp="2020-05-31T00:03:37 IST" time="189.697" errors="0">
  <testcase name="fetchHolidayHomes" time="107.418" classname="com.cognizant.tests.FetchHolidayHomesWithoutDates"/>
  <testcase name="fetchHolidayHomes" time="68.351" classname="com.cognizant.tests.FetchHolidaysWithDates"/>
  <testcase name="@BeforeSuite driverSetup" time="0.0" classname="com.cognizant.utilities.DriverSetup">
    <ignored/>
  </testcase> <!-- @BeforeSuite driverSetup -->
  <testcase name="@AfterSuite closeDriverSetup" time="0.0" classname="com.cognizant.utilities.DriverSetup">
    <ignored/>
  </testcase> <!-- @AfterSuite closeDriverSetup -->
</testsuite> <!-- Test -->
