<?xml version="1.0" encoding="UTF-8"?>
<!-- Generated by org.testng.reporters.JUnitXMLReporter -->
<testsuite hostname="New-PC" ignored="4" name="Holiday homes verification test" tests="3" failures="0" timestamp="2020-06-15T21:02:38 IST" time="43.353" errors="0">
  <testcase name="fetchCruises" time="7.324" classname="com.cognizant.tests.testScenario6.TC61_CruiseButtonChecking"/>
  <testcase name="fetchCruises" time="10.494" classname="com.cognizant.tests.testScenario6.TC62_CruiseDropdownChecking"/>
  <testcase name="fetchCruises" time="11.862" classname="com.cognizant.tests.testScenario6.TC63_CheckSearchButton"/>
  <testcase name="@BeforeSuite driverSetup" time="0.0" classname="com.cognizant.utilities.DriverSetup">
    <ignored/>
  </testcase> <!-- @BeforeSuite driverSetup -->
  <testcase name="@BeforeSuite driverSetup" time="0.0" classname="com.cognizant.utilities.DriverSetup">
    <ignored/>
  </testcase> <!-- @BeforeSuite driverSetup -->
  <testcase name="@AfterSuite closeDriverSetup" time="0.0" classname="com.cognizant.utilities.DriverSetup">
    <ignored/>
  </testcase> <!-- @AfterSuite closeDriverSetup -->
  <testcase name="@AfterSuite closeDriverSetup" time="0.0" classname="com.cognizant.utilities.DriverSetup">
    <ignored/>
  </testcase> <!-- @AfterSuite closeDriverSetup -->
</testsuite> <!-- Holiday homes verification test -->
